[debug] [2021-07-28T07:54:17.102Z] ----------------------------------------------------------------------
[debug] [2021-07-28T07:54:17.103Z] Command:       /usr/local/bin/node /usr/local/bin/firebase deploy
[debug] [2021-07-28T07:54:17.103Z] CLI Version:   9.10.0
[debug] [2021-07-28T07:54:17.103Z] Platform:      darwin
[debug] [2021-07-28T07:54:17.103Z] Node Version:  v15.4.0
[debug] [2021-07-28T07:54:17.104Z] Time:          Wed Jul 28 2021 10:54:17 GMT+0300 (Moscow Standard Time)
[debug] [2021-07-28T07:54:17.104Z] ----------------------------------------------------------------------
[debug] 
[debug] [2021-07-28T07:54:17.111Z] > command requires scopes: ["email","openid","https://www.googleapis.com/auth/cloudplatformprojects.readonly","https://www.googleapis.com/auth/firebase","https://www.googleapis.com/auth/cloud-platform"]
[debug] [2021-07-28T07:54:17.111Z] > authorizing via signed-in user (foxrandom.com@gmail.com)
[debug] [2021-07-28T07:54:17.111Z] [iam] checking project uc-jsdk for permissions ["firebase.projects.get","firebasehosting.sites.update"]
[debug] [2021-07-28T07:54:17.113Z] >>> HTTP REQUEST POST https://cloudresourcemanager.googleapis.com/v1/projects/uc-jsdk:testIamPermissions  
 {"permissions":["firebase.projects.get","firebasehosting.sites.update"]}
[debug] [2021-07-28T07:54:17.894Z] <<< HTTP RESPONSE 200 {"content-type":"application/json; charset=UTF-8","vary":"X-Origin, Referer, Origin,Accept-Encoding","date":"Wed, 28 Jul 2021 07:54:17 GMT","server":"ESF","cache-control":"private","x-xss-protection":"0","x-frame-options":"SAMEORIGIN","x-content-type-options":"nosniff","server-timing":"gfet4t7; dur=710","alt-svc":"h3=\":443\"; ma=2592000,h3-29=\":443\"; ma=2592000,h3-T051=\":443\"; ma=2592000,h3-Q050=\":443\"; ma=2592000,h3-Q046=\":443\"; ma=2592000,h3-Q043=\":443\"; ma=2592000,quic=\":443\"; ma=2592000; v=\"46,43\"","accept-ranges":"none","transfer-encoding":"chunked"}
[debug] [2021-07-28T07:54:17.897Z] > refreshing access token with scopes: []
[debug] [2021-07-28T07:54:17.898Z] >>> HTTP REQUEST POST https://www.googleapis.com/oauth2/v3/token  
 <request body omitted>
[debug] [2021-07-28T07:54:17.967Z] <<< HTTP RESPONSE 200 {"cache-control":"no-cache, no-store, max-age=0, must-revalidate","pragma":"no-cache","expires":"Mon, 01 Jan 1990 00:00:00 GMT","date":"Wed, 28 Jul 2021 07:54:18 GMT","content-type":"application/json; charset=utf-8","vary":"X-Origin, Referer, Origin,Accept-Encoding","server":"scaffolding on HTTPServer2","x-xss-protection":"0","x-frame-options":"SAMEORIGIN","x-content-type-options":"nosniff","alt-svc":"h3=\":443\"; ma=2592000,h3-29=\":443\"; ma=2592000,h3-T051=\":443\"; ma=2592000,h3-Q050=\":443\"; ma=2592000,h3-Q046=\":443\"; ma=2592000,h3-Q043=\":443\"; ma=2592000,quic=\":443\"; ma=2592000; v=\"46,43\"","accept-ranges":"none","transfer-encoding":"chunked"}
[debug] [2021-07-28T07:54:18.013Z] >>> [apiv2][query] GET https://firebase.googleapis.com/v1beta1/projects/uc-jsdk [none]
[debug] [2021-07-28T07:54:18.213Z] <<< [apiv2][status] GET https://firebase.googleapis.com/v1beta1/projects/uc-jsdk 200
[debug] [2021-07-28T07:54:18.213Z] <<< [apiv2][body] GET https://firebase.googleapis.com/v1beta1/projects/uc-jsdk {"projectId":"uc-jsdk","projectNumber":"1062514384541","displayName":"uc-jsdk","name":"projects/uc-jsdk","resources":{"hostingSite":"uc-jsdk"},"state":"ACTIVE"}
[info] 
[info] === Deploying to 'uc-jsdk'...
[info] 
[info] i  deploying hosting 
[debug] [2021-07-28T07:54:18.218Z] > refreshing access token with scopes: ["email","https://www.googleapis.com/auth/cloud-platform","https://www.googleapis.com/auth/cloudplatformprojects.readonly","https://www.googleapis.com/auth/firebase","openid"]
[debug] [2021-07-28T07:54:18.219Z] >>> HTTP REQUEST POST https://www.googleapis.com/oauth2/v3/token  
 <request body omitted>
[debug] [2021-07-28T07:54:18.277Z] <<< HTTP RESPONSE 200 {"date":"Wed, 28 Jul 2021 07:54:18 GMT","cache-control":"no-cache, no-store, max-age=0, must-revalidate","expires":"Mon, 01 Jan 1990 00:00:00 GMT","pragma":"no-cache","content-type":"application/json; charset=utf-8","vary":"X-Origin, Referer, Origin,Accept-Encoding","server":"scaffolding on HTTPServer2","x-xss-protection":"0","x-frame-options":"SAMEORIGIN","x-content-type-options":"nosniff","alt-svc":"h3=\":443\"; ma=2592000,h3-29=\":443\"; ma=2592000,h3-T051=\":443\"; ma=2592000,h3-Q050=\":443\"; ma=2592000,h3-Q046=\":443\"; ma=2592000,h3-Q043=\":443\"; ma=2592000,quic=\":443\"; ma=2592000; v=\"46,43\"","accept-ranges":"none","transfer-encoding":"chunked"}
[debug] [2021-07-28T07:54:18.320Z] >>> HTTP REQUEST POST https://firebasehosting.googleapis.com/v1beta1/sites/uc-jsdk/versions  
 {"config":{},"labels":{"deployment-tool":"cli-firebase"}}
[debug] [2021-07-28T07:54:19.711Z] <<< HTTP RESPONSE 200 {"content-type":"application/json; charset=UTF-8","vary":"X-Origin, Referer, Origin,Accept-Encoding","date":"Wed, 28 Jul 2021 07:54:19 GMT","server":"ESF","cache-control":"private","x-xss-protection":"0","x-frame-options":"SAMEORIGIN","x-content-type-options":"nosniff","alt-svc":"h3=\":443\"; ma=2592000,h3-29=\":443\"; ma=2592000,h3-T051=\":443\"; ma=2592000,h3-Q050=\":443\"; ma=2592000,h3-Q046=\":443\"; ma=2592000,h3-Q043=\":443\"; ma=2592000,quic=\":443\"; ma=2592000; v=\"46,43\"","accept-ranges":"none","transfer-encoding":"chunked"}
